[debug] [2025-11-28T04:49:12.319Z] ----------------------------------------------------------------------
[debug] [2025-11-28T04:49:12.323Z] Command:       /nix/store/ws50yvm6vzlzf7jzz6n7xh4szddrack1-nodejs-20.19.1/bin/node /nix/store/12bms99s479knhxggq0wrjfch7rhy26s-firebase-tools-14.24.1/lib/node_modules/firebase-tools/lib/bin/firebase.js init functions
[debug] [2025-11-28T04:49:12.324Z] CLI Version:   14.24.1
[debug] [2025-11-28T04:49:12.324Z] Platform:      linux
[debug] [2025-11-28T04:49:12.324Z] Node Version:  v20.19.1
[debug] [2025-11-28T04:49:12.324Z] Time:          Fri Nov 28 2025 04:49:12 GMT+0000 (Coordinated Universal Time)
[debug] [2025-11-28T04:49:12.324Z] ----------------------------------------------------------------------
[debug] 
[debug] [2025-11-28T04:49:12.858Z] Checked if tokens are valid: false, expires at: 1764291533589
[debug] [2025-11-28T04:49:12.859Z] Checked if tokens are valid: false, expires at: 1764291533589
[debug] [2025-11-28T04:49:12.859Z] > refreshing access token with scopes: []
[debug] [2025-11-28T04:49:12.862Z] >>> [apiv2][query] POST https://www.googleapis.com/oauth2/v3/token [none]
[debug] [2025-11-28T04:49:12.863Z] >>> [apiv2][body] POST https://www.googleapis.com/oauth2/v3/token [omitted]
[debug] [2025-11-28T04:49:12.978Z] <<< [apiv2][status] POST https://www.googleapis.com/oauth2/v3/token 200
[debug] [2025-11-28T04:49:12.979Z] <<< [apiv2][body] POST https://www.googleapis.com/oauth2/v3/token [omitted]
[debug] [2025-11-28T04:49:12.995Z] >>> [apiv2][query] GET https://monospace-pa.googleapis.com/v1/workspaces/godly-id-websitegit-46160735 [none]
[debug] [2025-11-28T04:49:13.653Z] <<< [apiv2][status] GET https://monospace-pa.googleapis.com/v1/workspaces/godly-id-websitegit-46160735 200
[debug] [2025-11-28T04:49:13.653Z] <<< [apiv2][body] GET https://monospace-pa.googleapis.com/v1/workspaces/godly-id-websitegit-46160735 {"workspaceId":"godly-id-websitegit-46160735","name":"godly-id-website.git","workspaceRedirectUrl":"firebase-godly-id-websitegit-1764018582878.cluster-lu4mup47g5gm4rtyvhzpwbfadi.cloudworkstations.dev","status":"WORKSPACE_STATUS_RUNNING","lastAccessDatetime":"2025-11-28T04:23:41.058435Z","workspaceTemplate":"WORKSPACE_TEMPLATE_BLANK_WEB","owner":"SELF","serviceAccountEmail":"msp-4067365601434223884@monospace-per-ws-sa-8.iam.gserviceaccount.com","gitRepoUrl":"https://github.com/ChidiebereJohn-ng/godly-id-website.git","enableNix":true,"ownerEmail":"chidieberejohnchukwuemeka@gmail.com","workstationAccessToken":"eyJhbGciOiJSUzI1NiIsInR5cCI6IkpXVCJ9.eyJpc3MiOiJodHRwczovL2Nsb3VkLmdvb2dsZS5jb20vd29ya3N0YXRpb25zIiwiYXVkIjoiZmlyZWJhc2UtZ29kbHktaWQtd2Vic2l0ZWdpdC0xNzY0MDE4NTgyODc4LmNsdXN0ZXItbHU0bXVwNDdnNWdtNHJ0eXZoenB3YmZhZGkuY2xvdWR3b3Jrc3RhdGlvbnMuZGV2IiwiaWF0IjoxNzY0MzA1MzUzLCJleHAiOjE3NjQzOTE3NTN9.1kiPAWL89bi2xweMUC30ZhR_8l9LgexOZ8MCFYmaQataOCGkqZkKNLwq7x45mgf9WEVPfPsfOsCs3_H3AiEZxX4ywjUGfLGiC0FsotpDpc-g6RZCe3TscGI41pz1pxUByjoj5NHuQ_8QZW1r7gHcPZUIp-AdruUvaCv-oV4WyZYwQyeQwyY1VtvthvWKc8LeRQLNDl1ezDrmWQHu9z7OJ2a0esozNHVXYxJeJoJxMAYF7Pm8rJ0Fub5_52O9DsER2TcFrZQv3M0MfBYBjiPzxEiVO56xUt4RDCc6m_1a_eREG2GylvHfvtb2pA-AWTh-2jJxz_0NWdz2JXkIrVmyrA"}
[info] 
     ######## #### ########  ######## ########     ###     ######  ########
     ##        ##  ##     ## ##       ##     ##  ##   ##  ##       ##
     ######    ##  ########  ######   ########  #########  ######  ######
     ##        ##  ##    ##  ##       ##     ## ##     ##       ## ##
     ##       #### ##     ## ######## ########  ##     ##  ######  ########

You're about to initialize a Firebase project in this directory:

  /home/user/godly-id-website

Before we get started, keep in mind:

  * You are initializing within an existing Firebase project directory

[info] 
=== Project Setup
[info] 
[info] First, let's associate this project directory with a Firebase project.
[info] You can create multiple project aliases by running firebase use --add, 
[info] 
[debug] [2025-11-28T04:49:13.660Z] > command requires scopes: ["email","openid","https://www.googleapis.com/auth/cloudplatformprojects.readonly","https://www.googleapis.com/auth/firebase","https://www.googleapis.com/auth/cloud-platform","https://www.googleapis.com/auth/userinfo.email"]
[debug] [2025-11-28T04:49:13.661Z] > authorizing via signed-in user (chidieberejohnchukwuemeka@gmail.com)
[debug] [2025-11-28T04:49:13.661Z] Checked if tokens are valid: true, expires at: 1764308951979
[debug] [2025-11-28T04:49:13.661Z] Checked if tokens are valid: true, expires at: 1764308951979
[debug] [2025-11-28T04:49:13.662Z] >>> [apiv2][query] GET https://firebase.googleapis.com/v1beta1/projects/godly-backend [none]
[debug] [2025-11-28T04:49:13.851Z] <<< [apiv2][status] GET https://firebase.googleapis.com/v1beta1/projects/godly-backend 200
[debug] [2025-11-28T04:49:13.852Z] <<< [apiv2][body] GET https://firebase.googleapis.com/v1beta1/projects/godly-backend {"projectId":"godly-backend","projectNumber":"64767835188","displayName":"godly-Backend","name":"projects/godly-backend","resources":{"hostingSite":"godly-backend"},"state":"ACTIVE","etag":"1_4d96f7d0-6a42-4de9-aa14-7569755b0d1c"}
[info] i  Using project godly-backend (godly-Backend) . 
[info] 
=== Functions Setup
[debug] [2025-11-28T04:49:13.866Z] > command requires scopes: ["email","openid","https://www.googleapis.com/auth/cloudplatformprojects.readonly","https://www.googleapis.com/auth/firebase","https://www.googleapis.com/auth/cloud-platform","https://www.googleapis.com/auth/userinfo.email"]
[debug] [2025-11-28T04:49:13.866Z] > authorizing via signed-in user (chidieberejohnchukwuemeka@gmail.com)
[debug] [2025-11-28T04:49:13.866Z] [iam] checking project godly-backend for permissions ["firebase.projects.get"]
[debug] [2025-11-28T04:49:13.866Z] Checked if tokens are valid: true, expires at: 1764308951979
[debug] [2025-11-28T04:49:13.867Z] Checked if tokens are valid: true, expires at: 1764308951979
[debug] [2025-11-28T04:49:13.867Z] >>> [apiv2][query] POST https://cloudresourcemanager.googleapis.com/v1/projects/godly-backend:testIamPermissions [none]
[debug] [2025-11-28T04:49:13.867Z] >>> [apiv2][(partial)header] POST https://cloudresourcemanager.googleapis.com/v1/projects/godly-backend:testIamPermissions x-goog-quota-user=projects/godly-backend
[debug] [2025-11-28T04:49:13.867Z] >>> [apiv2][body] POST https://cloudresourcemanager.googleapis.com/v1/projects/godly-backend:testIamPermissions {"permissions":["firebase.projects.get"]}
[debug] [2025-11-28T04:49:14.010Z] <<< [apiv2][status] POST https://cloudresourcemanager.googleapis.com/v1/projects/godly-backend:testIamPermissions 200
[debug] [2025-11-28T04:49:14.012Z] <<< [apiv2][body] POST https://cloudresourcemanager.googleapis.com/v1/projects/godly-backend:testIamPermissions {"permissions":["firebase.projects.get"]}
[debug] [2025-11-28T04:49:14.014Z] Checked if tokens are valid: true, expires at: 1764308951979
[debug] [2025-11-28T04:49:14.014Z] Checked if tokens are valid: true, expires at: 1764308951979
[debug] [2025-11-28T04:49:14.014Z] Checked if tokens are valid: true, expires at: 1764308951979
[debug] [2025-11-28T04:49:14.014Z] Checked if tokens are valid: true, expires at: 1764308951979
[debug] [2025-11-28T04:49:14.015Z] >>> [apiv2][query] GET https://serviceusage.googleapis.com/v1/projects/godly-backend/services/cloudfunctions.googleapis.com [none]
[debug] [2025-11-28T04:49:14.015Z] >>> [apiv2][(partial)header] GET https://serviceusage.googleapis.com/v1/projects/godly-backend/services/cloudfunctions.googleapis.com x-goog-quota-user=projects/godly-backend
[debug] [2025-11-28T04:49:14.017Z] >>> [apiv2][query] GET https://serviceusage.googleapis.com/v1/projects/godly-backend/services/runtimeconfig.googleapis.com [none]
[debug] [2025-11-28T04:49:14.017Z] >>> [apiv2][(partial)header] GET https://serviceusage.googleapis.com/v1/projects/godly-backend/services/runtimeconfig.googleapis.com x-goog-quota-user=projects/godly-backend
[debug] [2025-11-28T04:49:14.771Z] <<< [apiv2][status] GET https://serviceusage.googleapis.com/v1/projects/godly-backend/services/runtimeconfig.googleapis.com 200
[debug] [2025-11-28T04:49:14.772Z] <<< [apiv2][body] GET https://serviceusage.googleapis.com/v1/projects/godly-backend/services/runtimeconfig.googleapis.com [omitted]
[debug] [2025-11-28T04:49:14.804Z] <<< [apiv2][status] GET https://serviceusage.googleapis.com/v1/projects/godly-backend/services/cloudfunctions.googleapis.com 200
[debug] [2025-11-28T04:49:14.804Z] <<< [apiv2][body] GET https://serviceusage.googleapis.com/v1/projects/godly-backend/services/cloudfunctions.googleapis.com [omitted]
[debug] [2025-11-28T04:49:14.805Z] Checked if tokens are valid: true, expires at: 1764308951979
[debug] [2025-11-28T04:49:14.805Z] Checked if tokens are valid: true, expires at: 1764308951979
[debug] [2025-11-28T04:49:14.805Z] >>> [apiv2][query] POST https://serviceusage.googleapis.com/v1/projects/godly-backend/services/cloudfunctions.googleapis.com:enable [none]
[debug] [2025-11-28T04:49:14.806Z] >>> [apiv2][(partial)header] POST https://serviceusage.googleapis.com/v1/projects/godly-backend/services/cloudfunctions.googleapis.com:enable x-goog-quota-user=projects/godly-backend
[debug] [2025-11-28T04:49:15.813Z] <<< [apiv2][status] POST https://serviceusage.googleapis.com/v1/projects/godly-backend/services/cloudfunctions.googleapis.com:enable 200
[debug] [2025-11-28T04:49:15.814Z] <<< [apiv2][body] POST https://serviceusage.googleapis.com/v1/projects/godly-backend/services/cloudfunctions.googleapis.com:enable [omitted]
[info] 
Detected existing codebase(s): default

